<?xml version="1.0" encoding="UTF-8"?>
<!-- Generated by org.testng.reporters.JUnitXMLReporter -->
<testsuite ignored="1" hostname="DESKTOP-M9BLJAP" failures="0" tests="3" name="Default test" time="5.179" errors="0" timestamp="2024-06-12T22:01:32 EET">
  <testcase classname="SwagLabsTest" name="logIn" time="2.382"/>
  <testcase classname="SwagLabsTest" name="verifyTitle" time="0.263"/>
  <testcase classname="SwagLabsTest" name="highToLow" time="1.918"/>
  <testcase classname="SwagLabsTest" name="lowToHigh" time="0.0">
    <ignored/>
  </testcase> <!-- lowToHigh -->
</testsuite> <!-- Default test -->
