<?xml version="1.0" encoding="UTF-8"?>
<!-- Generated by org.testng.reporters.JUnitXMLReporter -->
<testsuite ignored="1" hostname="DESKTOP-M9BLJAP" failures="0" tests="3" name="Default test" time="4.59" errors="0" timestamp="2024-06-22T20:04:30 EET">
  <testcase classname="SwagLabsTest" name="logIn" time="1.019"/>
  <testcase classname="SwagLabsTest" name="verifyTitle" time="0.153"/>
  <testcase classname="SwagLabsTest" name="highToLow" time="2.382"/>
  <testcase classname="SwagLabsTest" name="lowToHigh" time="0.0">
    <ignored/>
  </testcase> <!-- lowToHigh -->
</testsuite> <!-- Default test -->
